# JRE version: Java(TM) SE Runtime Environment (8.0_111-b14) (build 1.8.0_111-b14)
# Java VM: Java HotSpot(TM) 64-Bit Server VM (25.111-b14 mixed mode windows-amd64 compressed oops)
Heap:
 PSYoungGen      total 201728K, used 119037K [0x00000000e0500000, 0x00000000ed100000, 0x0000000100000000)
  eden space 196096K, 60% used [0x00000000e0500000,0x00000000e793f7d0,0x00000000ec480000)
  from space 5632K, 0% used [0x00000000eca80000,0x00000000eca80000,0x00000000ed000000)
  to   space 6144K, 0% used [0x00000000ec480000,0x00000000ec480000,0x00000000eca80000)
 ParOldGen       total 59392K, used 13244K [0x00000000a0e00000, 0x00000000a4800000, 0x00000000e0500000)
  object space 59392K, 22% used [0x00000000a0e00000,0x00000000a1aef1d0,0x00000000a4800000)
 Metaspace       used 25639K, capacity 26498K, committed 26752K, reserved 1073152K
  class space    used 3214K, capacity 3434K, committed 3456K, reserved 1048576K
GC Heap History (10 events):
Event: 2.436 GC heap before
{Heap before GC invocations=5 (full 0):
 PSYoungGen      total 53248K, used 53235K [0x00000000e0500000, 0x00000000e3d00000, 0x0000000100000000)
  eden space 49152K, 99% used [0x00000000e0500000,0x00000000e34ff038,0x00000000e3500000)
  from space 4096K, 99% used [0x00000000e3900000,0x00000000e3cfdc70,0x00000000e3d00000)
  to   space 4096K, 0% used [0x00000000e3500000,0x00000000e3500000,0x00000000e3900000)
 ParOldGen       total 65536K, used 23504K [0x00000000a0e00000, 0x00000000a4e00000, 0x00000000e0500000)
  object space 65536K, 35% used [0x00000000a0e00000,0x00000000a24f4298,0x00000000a4e00000)
 Metaspace       used 17808K, capacity 18384K, committed 18560K, reserved 1064960K
  class space    used 2393K, capacity 2565K, committed 2688K, reserved 1048576K
Event: 2.445 GC heap after
Heap after GC invocations=5 (full 0):
 PSYoungGen      total 53248K, used 4083K [0x00000000e0500000, 0x00000000e6f00000, 0x0000000100000000)
  eden space 49152K, 0% used [0x00000000e0500000,0x00000000e0500000,0x00000000e3500000)
  from space 4096K, 99% used [0x00000000e3500000,0x00000000e38fcf30,0x00000000e3900000)
  to   space 5120K, 0% used [0x00000000e6a00000,0x00000000e6a00000,0x00000000e6f00000)
 ParOldGen       total 65536K, used 23608K [0x00000000a0e00000, 0x00000000a4e00000, 0x00000000e0500000)
  object space 65536K, 36% used [0x00000000a0e00000,0x00000000a250e298,0x00000000a4e00000)
 Metaspace       used 17808K, capacity 18384K, committed 18560K, reserved 1064960K
  class space    used 2393K, capacity 2565K, committed 2688K, reserved 1048576K
}
Event: 2.474 GC heap before
{Heap before GC invocations=6 (full 0):
 PSYoungGen      total 53248K, used 53144K [0x00000000e0500000, 0x00000000e6f00000, 0x0000000100000000)
  eden space 49152K, 99% used [0x00000000e0500000,0x00000000e34e9488,0x00000000e3500000)
  from space 4096K, 99% used [0x00000000e3500000,0x00000000e38fcf30,0x00000000e3900000)
  to   space 5120K, 0% used [0x00000000e6a00000,0x00000000e6a00000,0x00000000e6f00000)
 ParOldGen       total 65536K, used 23608K [0x00000000a0e00000, 0x00000000a4e00000, 0x00000000e0500000)
  object space 65536K, 36% used [0x00000000a0e00000,0x00000000a250e298,0x00000000a4e00000)
 Metaspace       used 17907K, capacity 18490K, committed 18816K, reserved 1064960K
  class space    used 2416K, capacity 2580K, committed 2688K, reserved 1048576K
Event: 2.480 GC heap after
Heap after GC invocations=6 (full 0):
 PSYoungGen      total 103424K, used 4386K [0x00000000e0500000, 0x00000000e6f00000, 0x0000000100000000)
  eden space 98304K, 0% used [0x00000000e0500000,0x00000000e0500000,0x00000000e6500000)
  from space 5120K, 85% used [0x00000000e6a00000,0x00000000e6e48a20,0x00000000e6f00000)
  to   space 5120K, 0% used [0x00000000e6500000,0x00000000e6500000,0x00000000e6a00000)
 ParOldGen       total 65536K, used 23616K [0x00000000a0e00000, 0x00000000a4e00000, 0x00000000e0500000)
  object space 65536K, 36% used [0x00000000a0e00000,0x00000000a2510298,0x00000000a4e00000)
 Metaspace       used 17907K, capacity 18490K, committed 18816K, reserved 1064960K
  class space    used 2416K, capacity 2580K, committed 2688K, reserved 1048576K
}
Event: 2.561 GC heap before
{Heap before GC invocations=7 (full 0):
 PSYoungGen      total 103424K, used 102678K [0x00000000e0500000, 0x00000000e6f00000, 0x0000000100000000)
  eden space 98304K, 99% used [0x00000000e0500000,0x00000000e64fcf00,0x00000000e6500000)
  from space 5120K, 85% used [0x00000000e6a00000,0x00000000e6e48a20,0x00000000e6f00000)
  to   space 5120K, 0% used [0x00000000e6500000,0x00000000e6500000,0x00000000e6a00000)
 ParOldGen       total 65536K, used 23616K [0x00000000a0e00000, 0x00000000a4e00000, 0x00000000e0500000)
  object space 65536K, 36% used [0x00000000a0e00000,0x00000000a2510298,0x00000000a4e00000)
 Metaspace       used 18270K, capacity 18920K, committed 19072K, reserved 1064960K
  class space    used 2465K, capacity 2659K, committed 2688K, reserved 1048576K
Event: 2.575 GC heap after
Heap after GC invocations=7 (full 0):
 PSYoungGen      total 103424K, used 508K [0x00000000e0500000, 0x00000000ed000000, 0x0000000100000000)
  eden space 98304K, 0% used [0x00000000e0500000,0x00000000e0500000,0x00000000e6500000)
  from space 5120K, 9% used [0x00000000e6500000,0x00000000e657f3c8,0x00000000e6a00000)
  to   space 5632K, 0% used [0x00000000eca80000,0x00000000eca80000,0x00000000ed000000)
 ParOldGen       total 65536K, used 27461K [0x00000000a0e00000, 0x00000000a4e00000, 0x00000000e0500000)
  object space 65536K, 41% used [0x00000000a0e00000,0x00000000a28d1588,0x00000000a4e00000)
 Metaspace       used 18270K, capacity 18920K, committed 19072K, reserved 1064960K
  class space    used 2465K, capacity 2659K, committed 2688K, reserved 1048576K
}
Event: 3.068 GC heap before
{Heap before GC invocations=8 (full 0):
 PSYoungGen      total 103424K, used 15470K [0x00000000e0500000, 0x00000000ed000000, 0x0000000100000000)
  eden space 98304K, 15% used [0x00000000e0500000,0x00000000e139c780,0x00000000e6500000)
  from space 5120K, 9% used [0x00000000e6500000,0x00000000e657f3c8,0x00000000e6a00000)
  to   space 5632K, 0% used [0x00000000eca80000,0x00000000eca80000,0x00000000ed000000)
 ParOldGen       total 65536K, used 27461K [0x00000000a0e00000, 0x00000000a4e00000, 0x00000000e0500000)
  object space 65536K, 41% used [0x00000000a0e00000,0x00000000a28d1588,0x00000000a4e00000)
 Metaspace       used 20553K, capacity 21218K, committed 21296K, reserved 1067008K
  class space    used 2721K, capacity 2932K, committed 2944K, reserved 1048576K
Event: 3.073 GC heap after
Heap after GC invocations=8 (full 0):
 PSYoungGen      total 201728K, used 1593K [0x00000000e0500000, 0x00000000ed100000, 0x0000000100000000)
  eden space 196096K, 0% used [0x00000000e0500000,0x00000000e0500000,0x00000000ec480000)
  from space 5632K, 28% used [0x00000000eca80000,0x00000000ecc0e768,0x00000000ed000000)
  to   space 6144K, 0% used [0x00000000ec480000,0x00000000ec480000,0x00000000eca80000)
 ParOldGen       total 65536K, used 27525K [0x00000000a0e00000, 0x00000000a4e00000, 0x00000000e0500000)
  object space 65536K, 42% used [0x00000000a0e00000,0x00000000a28e1588,0x00000000a4e00000)
 Metaspace       used 20553K, capacity 21218K, committed 21296K, reserved 1067008K
  class space    used 2721K, capacity 2932K, committed 2944K, reserved 1048576K
}
Event: 3.073 GC heap before
{Heap before GC invocations=9 (full 1):
 PSYoungGen      total 201728K, used 1593K [0x00000000e0500000, 0x00000000ed100000, 0x0000000100000000)
  eden space 196096K, 0% used [0x00000000e0500000,0x00000000e0500000,0x00000000ec480000)
  from space 5632K, 28% used [0x00000000eca80000,0x00000000ecc0e768,0x00000000ed000000)
  to   space 6144K, 0% used [0x00000000ec480000,0x00000000ec480000,0x00000000eca80000)
 ParOldGen       total 65536K, used 27525K [0x00000000a0e00000, 0x00000000a4e00000, 0x00000000e0500000)
  object space 65536K, 42% used [0x00000000a0e00000,0x00000000a28e1588,0x00000000a4e00000)
 Metaspace       used 20553K, capacity 21218K, committed 21296K, reserved 1067008K
  class space    used 2721K, capacity 2932K, committed 2944K, reserved 1048576K
Event: 3.125 GC heap after
Heap after GC invocations=9 (full 1):
 PSYoungGen      total 201728K, used 0K [0x00000000e0500000, 0x00000000ed100000, 0x0000000100000000)
  eden space 196096K, 0% used [0x00000000e0500000,0x00000000e0500000,0x00000000ec480000)
  from space 5632K, 0% used [0x00000000eca80000,0x00000000eca80000,0x00000000ed000000)
  to   space 6144K, 0% used [0x00000000ec480000,0x00000000ec480000,0x00000000eca80000)
 ParOldGen       total 59392K, used 13244K [0x00000000a0e00000, 0x00000000a4800000, 0x00000000e0500000)
  object space 59392K, 22% used [0x00000000a0e00000,0x00000000a1aef1d0,0x00000000a4800000)
 Metaspace       used 20553K, capacity 21218K, committed 21296K, reserved 1067008K
  class space    used 2721K, capacity 2932K, committed 2944K, reserved 1048576K
}

