# JRE version: Java(TM) SE Runtime Environment (8.0_111-b14) (build 1.8.0_111-b14)
# Java VM: Java HotSpot(TM) 64-Bit Server VM (25.111-b14 mixed mode windows-amd64 compressed oops)
Heap:
 PSYoungGen      total 202240K, used 115206K [0x00000000e0500000, 0x00000000ed000000, 0x0000000100000000)
  eden space 196608K, 58% used [0x00000000e0500000,0x00000000e7581980,0x00000000ec500000)
  from space 5632K, 0% used [0x00000000eca80000,0x00000000eca80000,0x00000000ed000000)
  to   space 5632K, 0% used [0x00000000ec500000,0x00000000ec500000,0x00000000eca80000)
 ParOldGen       total 59392K, used 13295K [0x00000000a0e00000, 0x00000000a4800000, 0x00000000e0500000)
  object space 59392K, 22% used [0x00000000a0e00000,0x00000000a1afbf40,0x00000000a4800000)
 Metaspace       used 26032K, capacity 27010K, committed 27264K, reserved 1073152K
  class space    used 3355K, capacity 3612K, committed 3712K, reserved 1048576K
GC Heap History (10 events):
Event: 2.316 GC heap before
{Heap before GC invocations=5 (full 0):
 PSYoungGen      total 53248K, used 53161K [0x00000000e0500000, 0x00000000e3d00000, 0x0000000100000000)
  eden space 49152K, 99% used [0x00000000e0500000,0x00000000e34ec610,0x00000000e3500000)
  from space 4096K, 99% used [0x00000000e3900000,0x00000000e3cfdf20,0x00000000e3d00000)
  to   space 4096K, 0% used [0x00000000e3500000,0x00000000e3500000,0x00000000e3900000)
 ParOldGen       total 65536K, used 23432K [0x00000000a0e00000, 0x00000000a4e00000, 0x00000000e0500000)
  object space 65536K, 35% used [0x00000000a0e00000,0x00000000a24e2298,0x00000000a4e00000)
 Metaspace       used 17697K, capacity 18274K, committed 18432K, reserved 1064960K
  class space    used 2379K, capacity 2556K, committed 2560K, reserved 1048576K
Event: 2.327 GC heap after
Heap after GC invocations=5 (full 0):
 PSYoungGen      total 53248K, used 4067K [0x00000000e0500000, 0x00000000e6f00000, 0x0000000100000000)
  eden space 49152K, 0% used [0x00000000e0500000,0x00000000e0500000,0x00000000e3500000)
  from space 4096K, 99% used [0x00000000e3500000,0x00000000e38f8ff8,0x00000000e3900000)
  to   space 5120K, 0% used [0x00000000e6a00000,0x00000000e6a00000,0x00000000e6f00000)
 ParOldGen       total 65536K, used 23517K [0x00000000a0e00000, 0x00000000a4e00000, 0x00000000e0500000)
  object space 65536K, 35% used [0x00000000a0e00000,0x00000000a24f7500,0x00000000a4e00000)
 Metaspace       used 17697K, capacity 18274K, committed 18432K, reserved 1064960K
  class space    used 2379K, capacity 2556K, committed 2560K, reserved 1048576K
}
Event: 2.359 GC heap before
{Heap before GC invocations=6 (full 0):
 PSYoungGen      total 53248K, used 53177K [0x00000000e0500000, 0x00000000e6f00000, 0x0000000100000000)
  eden space 49152K, 99% used [0x00000000e0500000,0x00000000e34f5538,0x00000000e3500000)
  from space 4096K, 99% used [0x00000000e3500000,0x00000000e38f8ff8,0x00000000e3900000)
  to   space 5120K, 0% used [0x00000000e6a00000,0x00000000e6a00000,0x00000000e6f00000)
 ParOldGen       total 65536K, used 23517K [0x00000000a0e00000, 0x00000000a4e00000, 0x00000000e0500000)
  object space 65536K, 35% used [0x00000000a0e00000,0x00000000a24f7500,0x00000000a4e00000)
 Metaspace       used 17760K, capacity 18338K, committed 18432K, reserved 1064960K
  class space    used 2391K, capacity 2556K, committed 2560K, reserved 1048576K
Event: 2.366 GC heap after
Heap after GC invocations=6 (full 0):
 PSYoungGen      total 103424K, used 4221K [0x00000000e0500000, 0x00000000e6f00000, 0x0000000100000000)
  eden space 98304K, 0% used [0x00000000e0500000,0x00000000e0500000,0x00000000e6500000)
  from space 5120K, 82% used [0x00000000e6a00000,0x00000000e6e1f750,0x00000000e6f00000)
  to   space 5120K, 0% used [0x00000000e6500000,0x00000000e6500000,0x00000000e6a00000)
 ParOldGen       total 65536K, used 23525K [0x00000000a0e00000, 0x00000000a4e00000, 0x00000000e0500000)
  object space 65536K, 35% used [0x00000000a0e00000,0x00000000a24f9500,0x00000000a4e00000)
 Metaspace       used 17760K, capacity 18338K, committed 18432K, reserved 1064960K
  class space    used 2391K, capacity 2556K, committed 2560K, reserved 1048576K
}
Event: 2.443 GC heap before
{Heap before GC invocations=7 (full 0):
 PSYoungGen      total 103424K, used 102380K [0x00000000e0500000, 0x00000000e6f00000, 0x0000000100000000)
  eden space 98304K, 99% used [0x00000000e0500000,0x00000000e64db938,0x00000000e6500000)
  from space 5120K, 82% used [0x00000000e6a00000,0x00000000e6e1f750,0x00000000e6f00000)
  to   space 5120K, 0% used [0x00000000e6500000,0x00000000e6500000,0x00000000e6a00000)
 ParOldGen       total 65536K, used 23525K [0x00000000a0e00000, 0x00000000a4e00000, 0x00000000e0500000)
  object space 65536K, 35% used [0x00000000a0e00000,0x00000000a24f9500,0x00000000a4e00000)
 Metaspace       used 18083K, capacity 18724K, committed 18816K, reserved 1064960K
  class space    used 2442K, capacity 2615K, committed 2688K, reserved 1048576K
Event: 2.450 GC heap after
Heap after GC invocations=7 (full 0):
 PSYoungGen      total 103424K, used 509K [0x00000000e0500000, 0x00000000ed000000, 0x0000000100000000)
  eden space 98304K, 0% used [0x00000000e0500000,0x00000000e0500000,0x00000000e6500000)
  from space 5120K, 9% used [0x00000000e6500000,0x00000000e657f650,0x00000000e6a00000)
  to   space 5632K, 0% used [0x00000000eca80000,0x00000000eca80000,0x00000000ed000000)
 ParOldGen       total 65536K, used 27434K [0x00000000a0e00000, 0x00000000a4e00000, 0x00000000e0500000)
  object space 65536K, 41% used [0x00000000a0e00000,0x00000000a28ca9c8,0x00000000a4e00000)
 Metaspace       used 18083K, capacity 18724K, committed 18816K, reserved 1064960K
  class space    used 2442K, capacity 2615K, committed 2688K, reserved 1048576K
}
Event: 2.902 GC heap before
{Heap before GC invocations=8 (full 0):
 PSYoungGen      total 103424K, used 13515K [0x00000000e0500000, 0x00000000ed000000, 0x0000000100000000)
  eden space 98304K, 13% used [0x00000000e0500000,0x00000000e11b37c0,0x00000000e6500000)
  from space 5120K, 9% used [0x00000000e6500000,0x00000000e657f650,0x00000000e6a00000)
  to   space 5632K, 0% used [0x00000000eca80000,0x00000000eca80000,0x00000000ed000000)
 ParOldGen       total 65536K, used 27434K [0x00000000a0e00000, 0x00000000a4e00000, 0x00000000e0500000)
  object space 65536K, 41% used [0x00000000a0e00000,0x00000000a28ca9c8,0x00000000a4e00000)
 Metaspace       used 20574K, capacity 21238K, committed 21296K, reserved 1067008K
  class space    used 2734K, capacity 2936K, committed 2944K, reserved 1048576K
Event: 2.906 GC heap after
Heap after GC invocations=8 (full 0):
 PSYoungGen      total 202240K, used 1753K [0x00000000e0500000, 0x00000000ed000000, 0x0000000100000000)
  eden space 196608K, 0% used [0x00000000e0500000,0x00000000e0500000,0x00000000ec500000)
  from space 5632K, 31% used [0x00000000eca80000,0x00000000ecc36768,0x00000000ed000000)
  to   space 5632K, 0% used [0x00000000ec500000,0x00000000ec500000,0x00000000eca80000)
 ParOldGen       total 65536K, used 27498K [0x00000000a0e00000, 0x00000000a4e00000, 0x00000000e0500000)
  object space 65536K, 41% used [0x00000000a0e00000,0x00000000a28da9c8,0x00000000a4e00000)
 Metaspace       used 20574K, capacity 21238K, committed 21296K, reserved 1067008K
  class space    used 2734K, capacity 2936K, committed 2944K, reserved 1048576K
}
Event: 2.906 GC heap before
{Heap before GC invocations=9 (full 1):
 PSYoungGen      total 202240K, used 1753K [0x00000000e0500000, 0x00000000ed000000, 0x0000000100000000)
  eden space 196608K, 0% used [0x00000000e0500000,0x00000000e0500000,0x00000000ec500000)
  from space 5632K, 31% used [0x00000000eca80000,0x00000000ecc36768,0x00000000ed000000)
  to   space 5632K, 0% used [0x00000000ec500000,0x00000000ec500000,0x00000000eca80000)
 ParOldGen       total 65536K, used 27498K [0x00000000a0e00000, 0x00000000a4e00000, 0x00000000e0500000)
  object space 65536K, 41% used [0x00000000a0e00000,0x00000000a28da9c8,0x00000000a4e00000)
 Metaspace       used 20574K, capacity 21238K, committed 21296K, reserved 1067008K
  class space    used 2734K, capacity 2936K, committed 2944K, reserved 1048576K
Event: 2.957 GC heap after
Heap after GC invocations=9 (full 1):
 PSYoungGen      total 202240K, used 0K [0x00000000e0500000, 0x00000000ed000000, 0x0000000100000000)
  eden space 196608K, 0% used [0x00000000e0500000,0x00000000e0500000,0x00000000ec500000)
  from space 5632K, 0% used [0x00000000eca80000,0x00000000eca80000,0x00000000ed000000)
  to   space 5632K, 0% used [0x00000000ec500000,0x00000000ec500000,0x00000000eca80000)
 ParOldGen       total 59392K, used 13295K [0x00000000a0e00000, 0x00000000a4800000, 0x00000000e0500000)
  object space 59392K, 22% used [0x00000000a0e00000,0x00000000a1afbf40,0x00000000a4800000)
 Metaspace       used 20574K, capacity 21238K, committed 21296K, reserved 1067008K
  class space    used 2734K, capacity 2936K, committed 2944K, reserved 1048576K
}

